# JRE version: OpenJDK Runtime Environment (8.0_111-b14) (build 1.8.0_111-8u111-b14-2ubuntu0.16.10.2-b14)
# Java VM: OpenJDK 64-Bit Server VM (25.111-b14 mixed mode linux-amd64 compressed oops)
Heap:
 PSYoungGen      total 384512K, used 0K [0x00000000e0000000, 0x0000000100000000, 0x0000000100000000)
  eden space 240640K, 0% used [0x00000000e0000000,0x00000000e0000000,0x00000000eeb00000)
  from space 143872K, 0% used [0x00000000f7380000,0x00000000f7380000,0x0000000100000000)
  to   space 139776K, 0% used [0x00000000eeb00000,0x00000000eeb00000,0x00000000f7380000)
 ParOldGen       total 451584K, used 376332K [0x00000000a0000000, 0x00000000bb900000, 0x00000000e0000000)
  object space 451584K, 83% used [0x00000000a0000000,0x00000000b6f83018,0x00000000bb900000)
 Metaspace       used 71858K, capacity 74376K, committed 74624K, reserved 1114112K
  class space    used 8996K, capacity 9553K, committed 9600K, reserved 1048576K
GC Heap History (10 events):
Event: 1014,275 GC heap after
Heap after GC invocations=53 (full 8):
 PSYoungGen      total 395776K, used 94271K [0x00000000e0000000, 0x0000000100000000, 0x0000000100000000)
  eden space 301056K, 0% used [0x00000000e0000000,0x00000000e0000000,0x00000000f2600000)
  from space 94720K, 99% used [0x00000000f2600000,0x00000000f820fd78,0x00000000f8280000)
  to   space 121344K, 0% used [0x00000000f8980000,0x00000000f8980000,0x0000000100000000)
 ParOldGen       total 384512K, used 384503K [0x00000000a0000000, 0x00000000b7780000, 0x00000000e0000000)
  object space 384512K, 99% used [0x00000000a0000000,0x00000000b777deb0,0x00000000b7780000)
 Metaspace       used 71854K, capacity 74312K, committed 74624K, reserved 1114112K
  class space    used 8996K, capacity 9553K, committed 9600K, reserved 1048576K
}
Event: 1014,275 GC heap before
{Heap before GC invocations=54 (full 9):
 PSYoungGen      total 395776K, used 94271K [0x00000000e0000000, 0x0000000100000000, 0x0000000100000000)
  eden space 301056K, 0% used [0x00000000e0000000,0x00000000e0000000,0x00000000f2600000)
  from space 94720K, 99% used [0x00000000f2600000,0x00000000f820fd78,0x00000000f8280000)
  to   space 121344K, 0% used [0x00000000f8980000,0x00000000f8980000,0x0000000100000000)
 ParOldGen       total 384512K, used 384503K [0x00000000a0000000, 0x00000000b7780000, 0x00000000e0000000)
  object space 384512K, 99% used [0x00000000a0000000,0x00000000b777deb0,0x00000000b7780000)
 Metaspace       used 71854K, capacity 74312K, committed 74624K, reserved 1114112K
  class space    used 8996K, capacity 9553K, committed 9600K, reserved 1048576K
Event: 1015,669 GC heap after
Heap after GC invocations=54 (full 9):
 PSYoungGen      total 395776K, used 0K [0x00000000e0000000, 0x0000000100000000, 0x0000000100000000)
  eden space 301056K, 0% used [0x00000000e0000000,0x00000000e0000000,0x00000000f2600000)
  from space 94720K, 0% used [0x00000000f2600000,0x00000000f2600000,0x00000000f8280000)
  to   space 121344K, 0% used [0x00000000f8980000,0x00000000f8980000,0x0000000100000000)
 ParOldGen       total 449536K, used 286327K [0x00000000a0000000, 0x00000000bb700000, 0x00000000e0000000)
  object space 449536K, 63% used [0x00000000a0000000,0x00000000b179df90,0x00000000bb700000)
 Metaspace       used 71854K, capacity 74312K, committed 74624K, reserved 1114112K
  class space    used 8996K, capacity 9553K, committed 9600K, reserved 1048576K
}
Event: 1017,554 GC heap before
{Heap before GC invocations=55 (full 9):
 PSYoungGen      total 395776K, used 301056K [0x00000000e0000000, 0x0000000100000000, 0x0000000100000000)
  eden space 301056K, 100% used [0x00000000e0000000,0x00000000f2600000,0x00000000f2600000)
  from space 94720K, 0% used [0x00000000f2600000,0x00000000f2600000,0x00000000f8280000)
  to   space 121344K, 0% used [0x00000000f8980000,0x00000000f8980000,0x0000000100000000)
 ParOldGen       total 449536K, used 286327K [0x00000000a0000000, 0x00000000bb700000, 0x00000000e0000000)
  object space 449536K, 63% used [0x00000000a0000000,0x00000000b179df90,0x00000000bb700000)
 Metaspace       used 71858K, capacity 74376K, committed 74624K, reserved 1114112K
  class space    used 8996K, capacity 9553K, committed 9600K, reserved 1048576K
Event: 1017,675 GC heap after
Heap after GC invocations=55 (full 9):
 PSYoungGen      total 384512K, used 97107K [0x00000000e0000000, 0x0000000100000000, 0x0000000100000000)
  eden space 263168K, 0% used [0x00000000e0000000,0x00000000e0000000,0x00000000f0100000)
  from space 121344K, 80% used [0x00000000f8980000,0x00000000fe854ea0,0x0000000100000000)
  to   space 130560K, 0% used [0x00000000f0100000,0x00000000f0100000,0x00000000f8080000)
 ParOldGen       total 449536K, used 286335K [0x00000000a0000000, 0x00000000bb700000, 0x00000000e0000000)
  object space 449536K, 63% used [0x00000000a0000000,0x00000000b179ff90,0x00000000bb700000)
 Metaspace       used 71858K, capacity 74376K, committed 74624K, reserved 1114112K
  class space    used 8996K, capacity 9553K, committed 9600K, reserved 1048576K
}
Event: 1018,177 GC heap before
{Heap before GC invocations=56 (full 9):
 PSYoungGen      total 384512K, used 360275K [0x00000000e0000000, 0x0000000100000000, 0x0000000100000000)
  eden space 263168K, 100% used [0x00000000e0000000,0x00000000f0100000,0x00000000f0100000)
  from space 121344K, 80% used [0x00000000f8980000,0x00000000fe854ea0,0x0000000100000000)
  to   space 130560K, 0% used [0x00000000f0100000,0x00000000f0100000,0x00000000f8080000)
 ParOldGen       total 449536K, used 286335K [0x00000000a0000000, 0x00000000bb700000, 0x00000000e0000000)
  object space 449536K, 63% used [0x00000000a0000000,0x00000000b179ff90,0x00000000bb700000)
 Metaspace       used 71858K, capacity 74376K, committed 74624K, reserved 1114112K
  class space    used 8996K, capacity 9553K, committed 9600K, reserved 1048576K
Event: 1018,344 GC heap after
Heap after GC invocations=56 (full 9):
 PSYoungGen      total 380416K, used 117002K [0x00000000e0000000, 0x0000000100000000, 0x0000000100000000)
  eden space 263168K, 0% used [0x00000000e0000000,0x00000000e0000000,0x00000000f0100000)
  from space 117248K, 99% used [0x00000000f0100000,0x00000000f7342a98,0x00000000f7380000)
  to   space 143872K, 0% used [0x00000000f7380000,0x00000000f7380000,0x0000000100000000)
 ParOldGen       total 449536K, used 336200K [0x00000000a0000000, 0x00000000bb700000, 0x00000000e0000000)
  object space 449536K, 74% used [0x00000000a0000000,0x00000000b4852388,0x00000000bb700000)
 Metaspace       used 71858K, capacity 74376K, committed 74624K, reserved 1114112K
  class space    used 8996K, capacity 9553K, committed 9600K, reserved 1048576K
}
Event: 1019,418 GC heap before
{Heap before GC invocations=57 (full 9):
 PSYoungGen      total 380416K, used 380170K [0x00000000e0000000, 0x0000000100000000, 0x0000000100000000)
  eden space 263168K, 100% used [0x00000000e0000000,0x00000000f0100000,0x00000000f0100000)
  from space 117248K, 99% used [0x00000000f0100000,0x00000000f7342a98,0x00000000f7380000)
  to   space 143872K, 0% used [0x00000000f7380000,0x00000000f7380000,0x0000000100000000)
 ParOldGen       total 449536K, used 336200K [0x00000000a0000000, 0x00000000bb700000, 0x00000000e0000000)
  object space 449536K, 74% used [0x00000000a0000000,0x00000000b4852388,0x00000000bb700000)
 Metaspace       used 71858K, capacity 74376K, committed 74624K, reserved 1114112K
  class space    used 8996K, capacity 9553K, committed 9600K, reserved 1048576K
Event: 1019,646 GC heap after
Heap after GC invocations=57 (full 9):
 PSYoungGen      total 384512K, used 47714K [0x00000000e0000000, 0x0000000100000000, 0x0000000100000000)
  eden space 240640K, 0% used [0x00000000e0000000,0x00000000e0000000,0x00000000eeb00000)
  from space 143872K, 33% used [0x00000000f7380000,0x00000000fa218bd8,0x0000000100000000)
  to   space 139776K, 0% used [0x00000000eeb00000,0x00000000eeb00000,0x00000000f7380000)
 ParOldGen       total 451584K, used 451375K [0x00000000a0000000, 0x00000000bb900000, 0x00000000e0000000)
  object space 451584K, 99% used [0x00000000a0000000,0x00000000bb8cbc40,0x00000000bb900000)
 Metaspace       used 71858K, capacity 74376K, committed 74624K, reserved 1114112K
  class space    used 8996K, capacity 9553K, committed 9600K, reserved 1048576K
}
Event: 1019,646 GC heap before
{Heap before GC invocations=58 (full 10):
 PSYoungGen      total 384512K, used 47714K [0x00000000e0000000, 0x0000000100000000, 0x0000000100000000)
  eden space 240640K, 0% used [0x00000000e0000000,0x00000000e0000000,0x00000000eeb00000)
  from space 143872K, 33% used [0x00000000f7380000,0x00000000fa218bd8,0x0000000100000000)
  to   space 139776K, 0% used [0x00000000eeb00000,0x00000000eeb00000,0x00000000f7380000)
 ParOldGen       total 451584K, used 451375K [0x00000000a0000000, 0x00000000bb900000, 0x00000000e0000000)
  object space 451584K, 99% used [0x00000000a0000000,0x00000000bb8cbc40,0x00000000bb900000)
 Metaspace       used 71858K, capacity 74376K, committed 74624K, reserved 1114112K
  class space    used 8996K, capacity 9553K, committed 9600K, reserved 1048576K

