# JRE version: OpenJDK Runtime Environment (8.0_76-b03) (build 1.8.0_76-release-b03)
# Java VM: OpenJDK 64-Bit Server VM (25.76-b03 mixed mode linux-amd64 compressed oops)
Heap:
 PSYoungGen      total 346624K, used 192713K [0x00000000e0000000, 0x0000000100000000, 0x0000000100000000)
  eden space 176128K, 100% used [0x00000000e0000000,0x00000000eac00000,0x00000000eac00000)
  from space 170496K, 9% used [0x00000000f5180000,0x00000000f61b2480,0x00000000ff800000)
  to   space 169472K, 0% used [0x00000000eac00000,0x00000000eac00000,0x00000000f5180000)
 ParOldGen       total 379904K, used 379534K [0x00000000a0000000, 0x00000000b7300000, 0x00000000e0000000)
  object space 379904K, 99% used [0x00000000a0000000,0x00000000b72a39d8,0x00000000b7300000)
 Metaspace       used 73232K, capacity 75916K, committed 77440K, reserved 1116160K
  class space    used 8899K, capacity 9352K, committed 9856K, reserved 1048576K
GC Heap History (10 events):
Event: 5248.210 GC heap before
{Heap before GC invocations=106 (full 14):
 PSYoungGen      total 349696K, used 292271K [0x00000000e0000000, 0x0000000100000000, 0x0000000100000000)
  eden space 175104K, 100% used [0x00000000e0000000,0x00000000eab00000,0x00000000eab00000)
  from space 174592K, 67% used [0x00000000eab00000,0x00000000f1d6bde0,0x00000000f5580000)
  to   space 174592K, 0% used [0x00000000f5580000,0x00000000f5580000,0x0000000100000000)
 ParOldGen       total 299008K, used 142765K [0x00000000a0000000, 0x00000000b2400000, 0x00000000e0000000)
  object space 299008K, 47% used [0x00000000a0000000,0x00000000a8b6b4f0,0x00000000b2400000)
 Metaspace       used 73222K, capacity 75906K, committed 77440K, reserved 1116160K
  class space    used 8899K, capacity 9351K, committed 9856K, reserved 1048576K
Event: 5248.371 GC heap after
Heap after GC invocations=106 (full 14):
 PSYoungGen      total 349696K, used 60028K [0x00000000e0000000, 0x0000000100000000, 0x0000000100000000)
  eden space 175104K, 0% used [0x00000000e0000000,0x00000000e0000000,0x00000000eab00000)
  from space 174592K, 34% used [0x00000000f5580000,0x00000000f901f368,0x0000000100000000)
  to   space 174592K, 0% used [0x00000000eab00000,0x00000000eab00000,0x00000000f5580000)
 ParOldGen       total 299008K, used 170766K [0x00000000a0000000, 0x00000000b2400000, 0x00000000e0000000)
  object space 299008K, 57% used [0x00000000a0000000,0x00000000aa6c38c0,0x00000000b2400000)
 Metaspace       used 73222K, capacity 75906K, committed 77440K, reserved 1116160K
  class space    used 8899K, capacity 9351K, committed 9856K, reserved 1048576K
}
Event: 5249.142 GC heap before
{Heap before GC invocations=107 (full 14):
 PSYoungGen      total 349696K, used 235132K [0x00000000e0000000, 0x0000000100000000, 0x0000000100000000)
  eden space 175104K, 100% used [0x00000000e0000000,0x00000000eab00000,0x00000000eab00000)
  from space 174592K, 34% used [0x00000000f5580000,0x00000000f901f368,0x0000000100000000)
  to   space 174592K, 0% used [0x00000000eab00000,0x00000000eab00000,0x00000000f5580000)
 ParOldGen       total 299008K, used 170766K [0x00000000a0000000, 0x00000000b2400000, 0x00000000e0000000)
  object space 299008K, 57% used [0x00000000a0000000,0x00000000aa6c38c0,0x00000000b2400000)
 Metaspace       used 73222K, capacity 75906K, committed 77440K, reserved 1116160K
  class space    used 8899K, capacity 9351K, committed 9856K, reserved 1048576K
Event: 5249.283 GC heap after
Heap after GC invocations=107 (full 14):
 PSYoungGen      total 349696K, used 50162K [0x00000000e0000000, 0x0000000100000000, 0x0000000100000000)
  eden space 175104K, 0% used [0x00000000e0000000,0x00000000e0000000,0x00000000eab00000)
  from space 174592K, 28% used [0x00000000eab00000,0x00000000edbfc878,0x00000000f5580000)
  to   space 174592K, 0% used [0x00000000f5580000,0x00000000f5580000,0x0000000100000000)
 ParOldGen       total 299008K, used 177723K [0x00000000a0000000, 0x00000000b2400000, 0x00000000e0000000)
  object space 299008K, 59% used [0x00000000a0000000,0x00000000aad8ed10,0x00000000b2400000)
 Metaspace       used 73222K, capacity 75906K, committed 77440K, reserved 1116160K
  class space    used 8899K, capacity 9351K, committed 9856K, reserved 1048576K
}
Event: 5250.046 GC heap before
{Heap before GC invocations=108 (full 14):
 PSYoungGen      total 349696K, used 225266K [0x00000000e0000000, 0x0000000100000000, 0x0000000100000000)
  eden space 175104K, 100% used [0x00000000e0000000,0x00000000eab00000,0x00000000eab00000)
  from space 174592K, 28% used [0x00000000eab00000,0x00000000edbfc878,0x00000000f5580000)
  to   space 174592K, 0% used [0x00000000f5580000,0x00000000f5580000,0x0000000100000000)
 ParOldGen       total 299008K, used 177723K [0x00000000a0000000, 0x00000000b2400000, 0x00000000e0000000)
  object space 299008K, 59% used [0x00000000a0000000,0x00000000aad8ed10,0x00000000b2400000)
 Metaspace       used 73222K, capacity 75906K, committed 77440K, reserved 1116160K
  class space    used 8899K, capacity 9351K, committed 9856K, reserved 1048576K
Event: 5250.143 GC heap after
Heap after GC invocations=108 (full 14):
 PSYoungGen      total 349696K, used 39432K [0x00000000e0000000, 0x0000000100000000, 0x0000000100000000)
  eden space 175104K, 0% used [0x00000000e0000000,0x00000000e0000000,0x00000000eab00000)
  from space 174592K, 22% used [0x00000000f5580000,0x00000000f7c022a0,0x0000000100000000)
  to   space 174592K, 0% used [0x00000000eab00000,0x00000000eab00000,0x00000000f5580000)
 ParOldGen       total 299008K, used 182998K [0x00000000a0000000, 0x00000000b2400000, 0x00000000e0000000)
  object space 299008K, 61% used [0x00000000a0000000,0x00000000ab2b5b80,0x00000000b2400000)
 Metaspace       used 73222K, capacity 75906K, committed 77440K, reserved 1116160K
  class space    used 8899K, capacity 9351K, committed 9856K, reserved 1048576K
}
Event: 5250.826 GC heap before
{Heap before GC invocations=109 (full 14):
 PSYoungGen      total 349696K, used 214536K [0x00000000e0000000, 0x0000000100000000, 0x0000000100000000)
  eden space 175104K, 100% used [0x00000000e0000000,0x00000000eab00000,0x00000000eab00000)
  from space 174592K, 22% used [0x00000000f5580000,0x00000000f7c022a0,0x0000000100000000)
  to   space 174592K, 0% used [0x00000000eab00000,0x00000000eab00000,0x00000000f5580000)
 ParOldGen       total 299008K, used 182998K [0x00000000a0000000, 0x00000000b2400000, 0x00000000e0000000)
  object space 299008K, 61% used [0x00000000a0000000,0x00000000ab2b5b80,0x00000000b2400000)
 Metaspace       used 73222K, capacity 75906K, committed 77440K, reserved 1116160K
  class space    used 8899K, capacity 9351K, committed 9856K, reserved 1048576K
Event: 5251.078 GC heap after
Heap after GC invocations=109 (full 14):
 PSYoungGen      total 233984K, used 58773K [0x00000000e0000000, 0x00000000ff800000, 0x0000000100000000)
  eden space 175104K, 0% used [0x00000000e0000000,0x00000000e0000000,0x00000000eab00000)
  from space 58880K, 99% used [0x00000000eab00000,0x00000000ee4656d8,0x00000000ee480000)
  to   space 170496K, 0% used [0x00000000f5180000,0x00000000f5180000,0x00000000ff800000)
 ParOldGen       total 299008K, used 186868K [0x00000000a0000000, 0x00000000b2400000, 0x00000000e0000000)
  object space 299008K, 62% used [0x00000000a0000000,0x00000000ab67d100,0x00000000b2400000)
 Metaspace       used 73222K, capacity 75906K, committed 77440K, reserved 1116160K
  class space    used 8899K, capacity 9351K, committed 9856K, reserved 1048576K
}
Event: 5256.063 GC heap before
{Heap before GC invocations=110 (full 14):
 PSYoungGen      total 233984K, used 224427K [0x00000000e0000000, 0x00000000ff800000, 0x0000000100000000)
  eden space 175104K, 94% used [0x00000000e0000000,0x00000000ea1c58c8,0x00000000eab00000)
  from space 58880K, 99% used [0x00000000eab00000,0x00000000ee4656d8,0x00000000ee480000)
  to   space 170496K, 0% used [0x00000000f5180000,0x00000000f5180000,0x00000000ff800000)
 ParOldGen       total 299008K, used 203252K [0x00000000a0000000, 0x00000000b2400000, 0x00000000e0000000)
  object space 299008K, 67% used [0x00000000a0000000,0x00000000ac67d110,0x00000000b2400000)
 Metaspace       used 73232K, capacity 75916K, committed 77440K, reserved 1116160K
  class space    used 8899K, capacity 9352K, committed 9856K, reserved 1048576K
Event: 5256.092 GC heap after
Heap after GC invocations=110 (full 14):
 PSYoungGen      total 346624K, used 16585K [0x00000000e0000000, 0x0000000100000000, 0x0000000100000000)
  eden space 176128K, 0% used [0x00000000e0000000,0x00000000e0000000,0x00000000eac00000)
  from space 170496K, 9% used [0x00000000f5180000,0x00000000f61b2480,0x00000000ff800000)
  to   space 169472K, 0% used [0x00000000eac00000,0x00000000eac00000,0x00000000f5180000)
 ParOldGen       total 299008K, used 207583K [0x00000000a0000000, 0x00000000b2400000, 0x00000000e0000000)
  object space 299008K, 69% used [0x00000000a0000000,0x00000000acab7e50,0x00000000b2400000)
 Metaspace       used 73232K, capacity 75916K, committed 77440K, reserved 1116160K
  class space    used 8899K, capacity 9352K, committed 9856K, reserved 1048576K
}

