# JRE version: OpenJDK Runtime Environment (8.0_76-b03) (build 1.8.0_76-release-b03)
# Java VM: OpenJDK 64-Bit Server VM (25.76-b03 mixed mode linux-amd64 compressed oops)
Heap:
 PSYoungGen      total 433664K, used 0K [0x00000000e0000000, 0x0000000100000000, 0x0000000100000000)
  eden space 359936K, 0% used [0x00000000e0000000,0x00000000e0000000,0x00000000f5f80000)
  from space 73728K, 0% used [0x00000000f5f80000,0x00000000f5f80000,0x00000000fa780000)
  to   space 77824K, 0% used [0x00000000fb400000,0x00000000fb400000,0x0000000100000000)
 ParOldGen       total 225280K, used 146938K [0x00000000a0000000, 0x00000000adc00000, 0x00000000e0000000)
  object space 225280K, 65% used [0x00000000a0000000,0x00000000a8f7eaf0,0x00000000adc00000)
 Metaspace       used 65511K, capacity 67260K, committed 67584K, reserved 1107968K
  class space    used 8300K, capacity 8700K, committed 8704K, reserved 1048576K
GC Heap History (10 events):
Event: 73.816 GC heap after
Heap after GC invocations=34 (full 4):
 PSYoungGen      total 361472K, used 44592K [0x00000000e0000000, 0x00000000fac00000, 0x0000000100000000)
  eden space 310784K, 0% used [0x00000000e0000000,0x00000000e0000000,0x00000000f2f80000)
  from space 50688K, 87% used [0x00000000f6780000,0x00000000f930c388,0x00000000f9900000)
  to   space 57344K, 0% used [0x00000000f2f80000,0x00000000f2f80000,0x00000000f6780000)
 ParOldGen       total 160256K, used 145437K [0x00000000a0000000, 0x00000000a9c80000, 0x00000000e0000000)
  object space 160256K, 90% used [0x00000000a0000000,0x00000000a8e07790,0x00000000a9c80000)
 Metaspace       used 65282K, capacity 67068K, committed 67328K, reserved 1107968K
  class space    used 8299K, capacity 8700K, committed 8704K, reserved 1048576K
}
Event: 73.816 GC heap before
{Heap before GC invocations=35 (full 5):
 PSYoungGen      total 361472K, used 44592K [0x00000000e0000000, 0x00000000fac00000, 0x0000000100000000)
  eden space 310784K, 0% used [0x00000000e0000000,0x00000000e0000000,0x00000000f2f80000)
  from space 50688K, 87% used [0x00000000f6780000,0x00000000f930c388,0x00000000f9900000)
  to   space 57344K, 0% used [0x00000000f2f80000,0x00000000f2f80000,0x00000000f6780000)
 ParOldGen       total 160256K, used 145437K [0x00000000a0000000, 0x00000000a9c80000, 0x00000000e0000000)
  object space 160256K, 90% used [0x00000000a0000000,0x00000000a8e07790,0x00000000a9c80000)
 Metaspace       used 65282K, capacity 67068K, committed 67328K, reserved 1107968K
  class space    used 8299K, capacity 8700K, committed 8704K, reserved 1048576K
Event: 74.879 GC heap after
Heap after GC invocations=35 (full 5):
 PSYoungGen      total 361472K, used 0K [0x00000000e0000000, 0x00000000fac00000, 0x0000000100000000)
  eden space 310784K, 0% used [0x00000000e0000000,0x00000000e0000000,0x00000000f2f80000)
  from space 50688K, 0% used [0x00000000f6780000,0x00000000f6780000,0x00000000f9900000)
  to   space 57344K, 0% used [0x00000000f2f80000,0x00000000f2f80000,0x00000000f6780000)
 ParOldGen       total 225280K, used 133668K [0x00000000a0000000, 0x00000000adc00000, 0x00000000e0000000)
  object space 225280K, 59% used [0x00000000a0000000,0x00000000a82893a8,0x00000000adc00000)
 Metaspace       used 65282K, capacity 67068K, committed 67328K, reserved 1107968K
  class space    used 8299K, capacity 8700K, committed 8704K, reserved 1048576K
}
Event: 76.542 GC heap before
{Heap before GC invocations=36 (full 5):
 PSYoungGen      total 361472K, used 310784K [0x00000000e0000000, 0x00000000fac00000, 0x0000000100000000)
  eden space 310784K, 100% used [0x00000000e0000000,0x00000000f2f80000,0x00000000f2f80000)
  from space 50688K, 0% used [0x00000000f6780000,0x00000000f6780000,0x00000000f9900000)
  to   space 57344K, 0% used [0x00000000f2f80000,0x00000000f2f80000,0x00000000f6780000)
 ParOldGen       total 225280K, used 133668K [0x00000000a0000000, 0x00000000adc00000, 0x00000000e0000000)
  object space 225280K, 59% used [0x00000000a0000000,0x00000000a82893a8,0x00000000adc00000)
 Metaspace       used 65381K, capacity 67132K, committed 67328K, reserved 1107968K
  class space    used 8299K, capacity 8700K, committed 8704K, reserved 1048576K
Event: 76.727 GC heap after
Heap after GC invocations=36 (full 5):
 PSYoungGen      total 368128K, used 57342K [0x00000000e0000000, 0x00000000fea80000, 0x0000000100000000)
  eden space 310784K, 0% used [0x00000000e0000000,0x00000000e0000000,0x00000000f2f80000)
  from space 57344K, 99% used [0x00000000f2f80000,0x00000000f677f9b8,0x00000000f6780000)
  to   space 68608K, 0% used [0x00000000fa780000,0x00000000fa780000,0x00000000fea80000)
 ParOldGen       total 225280K, used 138109K [0x00000000a0000000, 0x00000000adc00000, 0x00000000e0000000)
  object space 225280K, 61% used [0x00000000a0000000,0x00000000a86df7d0,0x00000000adc00000)
 Metaspace       used 65381K, capacity 67132K, committed 67328K, reserved 1107968K
  class space    used 8299K, capacity 8700K, committed 8704K, reserved 1048576K
}
Event: 78.607 GC heap before
{Heap before GC invocations=37 (full 5):
 PSYoungGen      total 368128K, used 368126K [0x00000000e0000000, 0x00000000fea80000, 0x0000000100000000)
  eden space 310784K, 100% used [0x00000000e0000000,0x00000000f2f80000,0x00000000f2f80000)
  from space 57344K, 99% used [0x00000000f2f80000,0x00000000f677f9b8,0x00000000f6780000)
  to   space 68608K, 0% used [0x00000000fa780000,0x00000000fa780000,0x00000000fea80000)
 ParOldGen       total 225280K, used 138109K [0x00000000a0000000, 0x00000000adc00000, 0x00000000e0000000)
  object space 225280K, 61% used [0x00000000a0000000,0x00000000a86df7d0,0x00000000adc00000)
 Metaspace       used 65462K, capacity 67196K, committed 67328K, reserved 1107968K
  class space    used 8300K, capacity 8700K, committed 8704K, reserved 1048576K
Event: 78.810 GC heap after
Heap after GC invocations=37 (full 5):
 PSYoungGen      total 428544K, used 50706K [0x00000000e0000000, 0x00000000ff700000, 0x0000000100000000)
  eden space 359936K, 0% used [0x00000000e0000000,0x00000000e0000000,0x00000000f5f80000)
  from space 68608K, 73% used [0x00000000fa780000,0x00000000fd904800,0x00000000fea80000)
  to   space 73728K, 0% used [0x00000000f5f80000,0x00000000f5f80000,0x00000000fa780000)
 ParOldGen       total 225280K, used 170065K [0x00000000a0000000, 0x00000000adc00000, 0x00000000e0000000)
  object space 225280K, 75% used [0x00000000a0000000,0x00000000aa6145f0,0x00000000adc00000)
 Metaspace       used 65462K, capacity 67196K, committed 67328K, reserved 1107968K
  class space    used 8300K, capacity 8700K, committed 8704K, reserved 1048576K
}
Event: 81.118 GC heap before
{Heap before GC invocations=38 (full 5):
 PSYoungGen      total 428544K, used 410642K [0x00000000e0000000, 0x00000000ff700000, 0x0000000100000000)
  eden space 359936K, 100% used [0x00000000e0000000,0x00000000f5f80000,0x00000000f5f80000)
  from space 68608K, 73% used [0x00000000fa780000,0x00000000fd904800,0x00000000fea80000)
  to   space 73728K, 0% used [0x00000000f5f80000,0x00000000f5f80000,0x00000000fa780000)
 ParOldGen       total 225280K, used 170065K [0x00000000a0000000, 0x00000000adc00000, 0x00000000e0000000)
  object space 225280K, 75% used [0x00000000a0000000,0x00000000aa6145f0,0x00000000adc00000)
 Metaspace       used 65511K, capacity 67260K, committed 67584K, reserved 1107968K
  class space    used 8300K, capacity 8700K, committed 8704K, reserved 1048576K
Event: 81.284 GC heap after
Heap after GC invocations=38 (full 5):
 PSYoungGen      total 433664K, used 51471K [0x00000000e0000000, 0x0000000100000000, 0x0000000100000000)
  eden space 359936K, 0% used [0x00000000e0000000,0x00000000e0000000,0x00000000f5f80000)
  from space 73728K, 69% used [0x00000000f5f80000,0x00000000f91c3c80,0x00000000fa780000)
  to   space 77824K, 0% used [0x00000000fb400000,0x00000000fb400000,0x0000000100000000)
 ParOldGen       total 225280K, used 193123K [0x00000000a0000000, 0x00000000adc00000, 0x00000000e0000000)
  object space 225280K, 85% used [0x00000000a0000000,0x00000000abc98dd8,0x00000000adc00000)
 Metaspace       used 65511K, capacity 67260K, committed 67584K, reserved 1107968K
  class space    used 8300K, capacity 8700K, committed 8704K, reserved 1048576K
}
Event: 81.284 GC heap before
{Heap before GC invocations=39 (full 6):
 PSYoungGen      total 433664K, used 51471K [0x00000000e0000000, 0x0000000100000000, 0x0000000100000000)
  eden space 359936K, 0% used [0x00000000e0000000,0x00000000e0000000,0x00000000f5f80000)
  from space 73728K, 69% used [0x00000000f5f80000,0x00000000f91c3c80,0x00000000fa780000)
  to   space 77824K, 0% used [0x00000000fb400000,0x00000000fb400000,0x0000000100000000)
 ParOldGen       total 225280K, used 193123K [0x00000000a0000000, 0x00000000adc00000, 0x00000000e0000000)
  object space 225280K, 85% used [0x00000000a0000000,0x00000000abc98dd8,0x00000000adc00000)
 Metaspace       used 65511K, capacity 67260K, committed 67584K, reserved 1107968K
  class space    used 8300K, capacity 8700K, committed 8704K, reserved 1048576K

